<?xml version="1.0" encoding="UTF-8"?>
<!-- Generated by org.testng.reporters.JUnitReportReporter -->
<testsuite hostname="DESKTOP-P1B696P" failures="0" tests="2" name="testNGExecution.SearchJava" time="21.481" errors="0" timestamp="2023-09-17T11:04:04 IST" skipped="0">
  <testcase classname="testNGExecution.SearchJava" name="java_serach_in_chrome" time="9.449">
    <system-out>
      <![CDATA[java]]>
    </system-out>
  </testcase> <!-- java_serach_in_chrome -->
  <testcase classname="testNGExecution.SearchJava" name="java_serach_in_chrome" time="12.032">
    <system-out>
      <![CDATA[java]]>
    </system-out>
  </testcase> <!-- java_serach_in_chrome -->
  <system-out>
    <![CDATA[java
Selenium
java
Selenium]]>
  </system-out>
</testsuite> <!-- testNGExecution.SearchJava -->
