<?xml version="1.0" encoding="UTF-8"?>
<!-- Generated by org.testng.reporters.JUnitReportReporter -->
<testsuite hostname="DESKTOP-P1B696P" failures="0" tests="3" name="testNGAnnotations_Flags.Flag5" time="0.017" errors="0" timestamp="2023-09-20T14:26:46 IST" skipped="0">
  <testcase classname="testNGAnnotations_Flags.Flag5" name="loginMethod" time="0.013"/>
  <testcase classname="testNGAnnotations_Flags.Flag5" name="logoutMethod" time="0.002"/>
  <testcase classname="testNGAnnotations_Flags.Flag5" name="createUserMethod" time="0.002"/>
</testsuite> <!-- testNGAnnotations_Flags.Flag5 -->
