<?xml version="1.0" encoding="UTF-8"?>
<!-- Generated by org.testng.reporters.JUnitReportReporter -->
<testsuite hostname="DESKTOP-P1B696P" failures="0" tests="1" name="testNGExecution.SearchSQL" time="29.425" errors="0" timestamp="2023-09-17T10:29:11 IST" skipped="0">
  <testcase classname="testNGExecution.SearchSQL" name="search_sql_in_firefox" time="29.425">
    <system-out>
      <![CDATA[SQL]]>
    </system-out>
  </testcase> <!-- search_sql_in_firefox -->
  <system-out>
    <![CDATA[java
SQL
Selenium]]>
  </system-out>
</testsuite> <!-- testNGExecution.SearchSQL -->
