<?xml version="1.0" encoding="UTF-8"?>
<!-- Generated by org.testng.reporters.JUnitReportReporter -->
<testsuite hostname="DESKTOP-P1B696P" failures="0" tests="2" name="testNGExecution.SearchSelenium" time="30.631" errors="0" timestamp="2023-09-17T11:04:04 IST" skipped="0">
  <testcase classname="testNGExecution.SearchSelenium" name="search_selenium_in_edge" time="16.047">
    <system-out>
      <![CDATA[Selenium]]>
    </system-out>
  </testcase> <!-- search_selenium_in_edge -->
  <testcase classname="testNGExecution.SearchSelenium" name="search_selenium_in_edge" time="14.584">
    <system-out>
      <![CDATA[Selenium]]>
    </system-out>
  </testcase> <!-- search_selenium_in_edge -->
  <system-out>
    <![CDATA[java
Selenium
java
Selenium]]>
  </system-out>
</testsuite> <!-- testNGExecution.SearchSelenium -->
