<?xml version="1.0" encoding="UTF-8"?>
<!-- Generated by org.testng.reporters.JUnitReportReporter -->
<testsuite hostname="DESKTOP-P1B696P" failures="0" tests="2" name="testNGExecution.TestNGClass1" time="0.030" errors="0" timestamp="2023-09-17T11:15:41 IST" skipped="0">
  <testcase classname="testNGExecution.TestNGClass1" name="method2" time="0.015">
    <system-out>
      <![CDATA[TestNGClass1 : Method2]]>
    </system-out>
  </testcase> <!-- method2 -->
  <testcase classname="testNGExecution.TestNGClass1" name="method1" time="0.015">
    <system-out>
      <![CDATA[TestNGClass1 : Method1]]>
    </system-out>
  </testcase> <!-- method1 -->
  <system-out>
    <![CDATA[TestNGClass1 : Method2
TestNGClass1 : Method1
TestNGClass3 : Method5
TestNGClass2 : Method4
TestNGClass2 : Method3
TestNGClass3 : Method6]]>
  </system-out>
</testsuite> <!-- testNGExecution.TestNGClass1 -->
