<?xml version="1.0" encoding="UTF-8"?>
<!-- Generated by org.testng.reporters.JUnitReportReporter -->
<testsuite hostname="DESKTOP-P1B696P" failures="0" tests="2" name="testNGPackage.SelectBrowser" time="14.588" errors="0" timestamp="2023-09-17T12:13:18 IST" skipped="0">
  <testcase classname="testNGPackage.SelectBrowser" name="selectBrowserMethod" time="6.258"/>
  <testcase classname="testNGPackage.SelectBrowser" name="selectBrowserMethod" time="8.330"/>
</testsuite> <!-- testNGPackage.SelectBrowser -->
