<?xml version="1.0" encoding="UTF-8"?>
<!-- Generated by org.testng.reporters.JUnitReportReporter -->
<testsuite hostname="DESKTOP-P1B696P" failures="0" tests="7" name="testNGAnnotations_Flags.Flag4" time="0.034" errors="0" timestamp="2023-09-20T14:05:35 IST" skipped="0">
  <testcase classname="testNGAnnotations_Flags.Flag4" name="a" time="0.023"/>
  <testcase classname="testNGAnnotations_Flags.Flag4" name="d" time="0.002"/>
  <testcase classname="testNGAnnotations_Flags.Flag4" name="c" time="0.002"/>
  <testcase classname="testNGAnnotations_Flags.Flag4" name="h" time="0.002"/>
  <testcase classname="testNGAnnotations_Flags.Flag4" name="e" time="0.002"/>
  <testcase classname="testNGAnnotations_Flags.Flag4" name="x" time="0.002"/>
  <testcase classname="testNGAnnotations_Flags.Flag4" name="w" time="0.001"/>
</testsuite> <!-- testNGAnnotations_Flags.Flag4 -->
