<?xml version="1.0" encoding="UTF-8"?>
<!-- Generated by org.testng.reporters.JUnitReportReporter -->
<testsuite hostname="DESKTOP-P1B696P" failures="0" tests="2" name="testNGPackage.Remo" time="0.002" errors="0" timestamp="2023-09-16T17:11:44 IST" skipped="0">
  <testcase classname="testNGPackage.Remo" name="method3" time="0.001">
    <system-out>
      <![CDATA[REMO CLASS : Method3]]>
    </system-out>
  </testcase> <!-- method3 -->
  <testcase classname="testNGPackage.Remo" name="method4" time="0.001">
    <system-out>
      <![CDATA[REMO CLASS : Method4]]>
    </system-out>
  </testcase> <!-- method4 -->
  <system-out>
    <![CDATA[DEMO CLASS : Method1
DEMO CLASS : Method2
REMO CLASS : Method3
REMO CLASS : Method4
SUMO CLASS : Method5
SUMO CLASS : Method6]]>
  </system-out>
</testsuite> <!-- testNGPackage.Remo -->
